[0.142s] Invoking command in '/home/mike/roborama25_ws/build/robo24_interfaces': CMAKE_PREFIX_PATH=${CMAKE_PREFIX_PATH}:/home/mike/roborama25_ws/install/robo24_stuff:/home/mike/ros2_ws/install/robo24_stuff:/home/mike/ros2_ws/install/robo24_nav:/home/mike/ros2_ws/install/robo24_localization:/home/mike/ros2_ws/install/robo24_bringup:/home/mike/ros2_ws/install/moonday24_demo:/opt/ros/humble /usr/bin/cmake /home/mike/roborama25_ws/src/robo24_interfaces -DAMENT_CMAKE_SYMLINK_INSTALL=1 -DCMAKE_INSTALL_PREFIX=/home/mike/roborama25_ws/install/robo24_interfaces
[0.440s] -- Found ament_cmake: 1.3.11 (/opt/ros/humble/share/ament_cmake/cmake)
[1.113s] -- Override CMake install command with custom implementation using symlinks instead of copying resources
[1.203s] -- Found rosidl_default_generators: 1.2.0 (/opt/ros/humble/share/rosidl_default_generators/cmake)
[1.221s] -- Using all available rosidl_typesupport_c: rosidl_typesupport_fastrtps_c;rosidl_typesupport_introspection_c
[1.241s] -- Found rosidl_adapter: 3.1.6 (/opt/ros/humble/share/rosidl_adapter/cmake)
[1.492s] -- Using all available rosidl_typesupport_cpp: rosidl_typesupport_fastrtps_cpp;rosidl_typesupport_introspection_cpp
[2.970s] -- Found ament_cmake_ros: 0.10.0 (/opt/ros/humble/share/ament_cmake_ros/cmake)
[4.021s] -- Using all available rosidl_typesupport_c: rosidl_typesupport_fastrtps_c;rosidl_typesupport_introspection_c
[5.279s] -- Using all available rosidl_typesupport_cpp: rosidl_typesupport_fastrtps_cpp;rosidl_typesupport_introspection_cpp
[5.703s] -- Found python_cmake_module: 0.10.0 (/opt/ros/humble/share/python_cmake_module/cmake)
[5.846s] -- Using PYTHON_EXECUTABLE: /usr/bin/python3
[5.847s] -- Using PYTHON_INCLUDE_DIRS: /usr/include/python3.10
[5.847s] -- Using PYTHON_LIBRARIES: /usr/lib/aarch64-linux-gnu/libpython3.10.so
[5.917s] -- Found ament_lint_auto: 0.12.11 (/opt/ros/humble/share/ament_lint_auto/cmake)
[6.025s] -- Added test 'lint_cmake' to check CMake code style
[6.037s] -- Added test 'xmllint' to check XML markup files
[6.063s] -- Configuring done
[6.347s] -- Generating done
[6.412s] -- Build files have been written to: /home/mike/roborama25_ws/build/robo24_interfaces
[6.463s] Invoked command in '/home/mike/roborama25_ws/build/robo24_interfaces' returned '0': CMAKE_PREFIX_PATH=${CMAKE_PREFIX_PATH}:/home/mike/roborama25_ws/install/robo24_stuff:/home/mike/ros2_ws/install/robo24_stuff:/home/mike/ros2_ws/install/robo24_nav:/home/mike/ros2_ws/install/robo24_localization:/home/mike/ros2_ws/install/robo24_bringup:/home/mike/ros2_ws/install/moonday24_demo:/opt/ros/humble /usr/bin/cmake /home/mike/roborama25_ws/src/robo24_interfaces -DAMENT_CMAKE_SYMLINK_INSTALL=1 -DCMAKE_INSTALL_PREFIX=/home/mike/roborama25_ws/install/robo24_interfaces
[6.465s] Invoking command in '/home/mike/roborama25_ws/build/robo24_interfaces': CMAKE_PREFIX_PATH=${CMAKE_PREFIX_PATH}:/home/mike/roborama25_ws/install/robo24_stuff:/home/mike/ros2_ws/install/robo24_stuff:/home/mike/ros2_ws/install/robo24_nav:/home/mike/ros2_ws/install/robo24_localization:/home/mike/ros2_ws/install/robo24_bringup:/home/mike/ros2_ws/install/moonday24_demo:/opt/ros/humble /usr/bin/cmake --build /home/mike/roborama25_ws/build/robo24_interfaces -- -j4 -l4
[6.716s] [35m[1mConsolidate compiler generated dependencies of target robo24_interfaces__rosidl_generator_c[0m
[6.768s] [  3%] Built target robo24_interfaces__cpp
[6.788s] failed to create symbolic link '/home/mike/roborama25_ws/build/robo24_interfaces/ament_cmake_python/robo24_interfaces/robo24_interfaces' because existing path cannot be removed: Is a directory
[6.795s] gmake[2]: *** [CMakeFiles/ament_cmake_python_symlink_robo24_interfaces.dir/build.make:70: CMakeFiles/ament_cmake_python_symlink_robo24_interfaces] Error 1
[6.795s] gmake[1]: *** [CMakeFiles/Makefile2:421: CMakeFiles/ament_cmake_python_symlink_robo24_interfaces.dir/all] Error 2
[6.795s] gmake[1]: *** Waiting for unfinished jobs....
[6.826s] [ 12%] Built target robo24_interfaces__rosidl_generator_c
[6.826s] [35m[1mConsolidate compiler generated dependencies of target robo24_interfaces__rosidl_typesupport_introspection_cpp[0m
[6.827s] [35m[1mConsolidate compiler generated dependencies of target robo24_interfaces__rosidl_typesupport_fastrtps_cpp[0m
[6.902s] [ 22%] Built target robo24_interfaces__rosidl_typesupport_introspection_cpp
[6.905s] [ 32%] Built target robo24_interfaces__rosidl_typesupport_fastrtps_cpp
[6.908s] gmake: *** [Makefile:146: all] Error 2
[6.915s] Invoked command in '/home/mike/roborama25_ws/build/robo24_interfaces' returned '2': CMAKE_PREFIX_PATH=${CMAKE_PREFIX_PATH}:/home/mike/roborama25_ws/install/robo24_stuff:/home/mike/ros2_ws/install/robo24_stuff:/home/mike/ros2_ws/install/robo24_nav:/home/mike/ros2_ws/install/robo24_localization:/home/mike/ros2_ws/install/robo24_bringup:/home/mike/ros2_ws/install/moonday24_demo:/opt/ros/humble /usr/bin/cmake --build /home/mike/roborama25_ws/build/robo24_interfaces -- -j4 -l4
